{"C:\\Users\\aliis\\OneDrive\\Työpöytä\\CodingExam\\backend\\app.js": {"path":"C:\\Users\\aliis\\OneDrive\\Työpöytä\\CodingExam\\backend\\app.js","statementMap":{"0":{"start":{"line":1,"column":0},"end":{"line":1,"column":27}},"1":{"start":{"line":2,"column":16},"end":{"line":2,"column":34}},"2":{"start":{"line":3,"column":17},"end":{"line":3,"column":36}},"3":{"start":{"line":4,"column":13},"end":{"line":4,"column":28}},"4":{"start":{"line":5,"column":18},"end":{"line":5,"column":40}},"5":{"start":{"line":6,"column":25},"end":{"line":6,"column":65}},"6":{"start":{"line":7,"column":19},"end":{"line":7,"column":49}},"7":{"start":{"line":8,"column":23},"end":{"line":8,"column":57}},"8":{"start":{"line":11,"column":12},"end":{"line":11,"column":21}},"9":{"start":{"line":13,"column":0},"end":{"line":13,"column":12}},"10":{"start":{"line":16,"column":0},"end":{"line":16,"column":16}},"11":{"start":{"line":17,"column":0},"end":{"line":17,"column":24}},"12":{"start":{"line":19,"column":0},"end":{"line":19,"column":40}},"13":{"start":{"line":21,"column":0},"end":{"line":21,"column":53}},"14":{"start":{"line":21,"column":27},"end":{"line":21,"column":51}},"15":{"start":{"line":23,"column":0},"end":{"line":23,"column":34}},"16":{"start":{"line":24,"column":0},"end":{"line":24,"column":42}},"17":{"start":{"line":26,"column":0},"end":{"line":26,"column":42}},"18":{"start":{"line":27,"column":0},"end":{"line":27,"column":39}},"19":{"start":{"line":29,"column":0},"end":{"line":29,"column":21}}},"fnMap":{"0":{"name":"(anonymous_0)","decl":{"start":{"line":21,"column":13},"end":{"line":21,"column":14}},"loc":{"start":{"line":21,"column":27},"end":{"line":21,"column":51}},"line":21}},"branchMap":{},"s":{"0":2,"1":2,"2":2,"3":2,"4":2,"5":2,"6":2,"7":2,"8":2,"9":2,"10":2,"11":2,"12":2,"13":2,"14":0,"15":2,"16":2,"17":2,"18":2,"19":2},"f":{"0":0},"b":{},"_coverageSchema":"1a1c01bbd47fc00a2c39e90264f33305004495a9","hash":"04c44a1cba6dc86ea43ce60df2968aec7bf36f15"}
,"C:\\Users\\aliis\\OneDrive\\Työpöytä\\CodingExam\\backend\\config\\db.js": {"path":"C:\\Users\\aliis\\OneDrive\\Työpöytä\\CodingExam\\backend\\config\\db.js","statementMap":{"0":{"start":{"line":1,"column":17},"end":{"line":1,"column":36}},"1":{"start":{"line":3,"column":18},"end":{"line":11,"column":1}},"2":{"start":{"line":4,"column":2},"end":{"line":10,"column":3}},"3":{"start":{"line":5,"column":17},"end":{"line":5,"column":62}},"4":{"start":{"line":6,"column":4},"end":{"line":6,"column":62}},"5":{"start":{"line":8,"column":4},"end":{"line":8,"column":23}},"6":{"start":{"line":9,"column":4},"end":{"line":9,"column":20}},"7":{"start":{"line":13,"column":0},"end":{"line":13,"column":27}}},"fnMap":{"0":{"name":"(anonymous_0)","decl":{"start":{"line":3,"column":18},"end":{"line":3,"column":19}},"loc":{"start":{"line":3,"column":30},"end":{"line":11,"column":1}},"line":3}},"branchMap":{},"s":{"0":2,"1":2,"2":2,"3":2,"4":2,"5":0,"6":0,"7":2},"f":{"0":2},"b":{},"_coverageSchema":"1a1c01bbd47fc00a2c39e90264f33305004495a9","hash":"7c6306a20e3de37fff004d7b9465e2f55bac9481"}
,"C:\\Users\\aliis\\OneDrive\\Työpöytä\\CodingExam\\backend\\controllers\\userControllers.js": {"path":"C:\\Users\\aliis\\OneDrive\\Työpöytä\\CodingExam\\backend\\controllers\\userControllers.js","statementMap":{"0":{"start":{"line":1,"column":17},"end":{"line":1,"column":36}},"1":{"start":{"line":2,"column":13},"end":{"line":2,"column":43}},"2":{"start":{"line":3,"column":12},"end":{"line":3,"column":35}},"3":{"start":{"line":5,"column":20},"end":{"line":7,"column":1}},"4":{"start":{"line":6,"column":2},"end":{"line":6,"column":68}},"5":{"start":{"line":10,"column":21},"end":{"line":23,"column":3}},"6":{"start":{"line":11,"column":72},"end":{"line":11,"column":80}},"7":{"start":{"line":13,"column":4},"end":{"line":22,"column":5}},"8":{"start":{"line":14,"column":19},"end":{"line":14,"column":95}},"9":{"start":{"line":17,"column":20},"end":{"line":17,"column":41}},"10":{"start":{"line":19,"column":6},"end":{"line":19,"column":76}},"11":{"start":{"line":21,"column":6},"end":{"line":21,"column":53}},"12":{"start":{"line":26,"column":18},"end":{"line":39,"column":3}},"13":{"start":{"line":27,"column":32},"end":{"line":27,"column":40}},"14":{"start":{"line":29,"column":4},"end":{"line":38,"column":5}},"15":{"start":{"line":30,"column":19},"end":{"line":30,"column":52}},"16":{"start":{"line":33,"column":20},"end":{"line":33,"column":41}},"17":{"start":{"line":35,"column":6},"end":{"line":35,"column":73}},"18":{"start":{"line":37,"column":6},"end":{"line":37,"column":53}},"19":{"start":{"line":41,"column":0},"end":{"line":41,"column":43}}},"fnMap":{"0":{"name":"(anonymous_0)","decl":{"start":{"line":5,"column":20},"end":{"line":5,"column":21}},"loc":{"start":{"line":5,"column":29},"end":{"line":7,"column":1}},"line":5},"1":{"name":"(anonymous_1)","decl":{"start":{"line":10,"column":21},"end":{"line":10,"column":22}},"loc":{"start":{"line":10,"column":41},"end":{"line":23,"column":3}},"line":10},"2":{"name":"(anonymous_2)","decl":{"start":{"line":26,"column":18},"end":{"line":26,"column":19}},"loc":{"start":{"line":26,"column":38},"end":{"line":39,"column":3}},"line":26}},"branchMap":{},"s":{"0":2,"1":2,"2":2,"3":2,"4":3,"5":2,"6":3,"7":3,"8":3,"9":2,"10":2,"11":1,"12":2,"13":2,"14":2,"15":2,"16":1,"17":1,"18":1,"19":2},"f":{"0":3,"1":3,"2":2},"b":{},"_coverageSchema":"1a1c01bbd47fc00a2c39e90264f33305004495a9","hash":"81a13131e4f6f31b8e42b151cd6fb86818c5f531"}
,"C:\\Users\\aliis\\OneDrive\\Työpöytä\\CodingExam\\backend\\controllers\\waterControllers.js": {"path":"C:\\Users\\aliis\\OneDrive\\Työpöytä\\CodingExam\\backend\\controllers\\waterControllers.js","statementMap":{"0":{"start":{"line":1,"column":17},"end":{"line":1,"column":36}},"1":{"start":{"line":2,"column":11},"end":{"line":2,"column":24}},"2":{"start":{"line":3,"column":17},"end":{"line":3,"column":48}},"3":{"start":{"line":6,"column":20},"end":{"line":24,"column":1}},"4":{"start":{"line":7,"column":54},"end":{"line":7,"column":62}},"5":{"start":{"line":9,"column":2},"end":{"line":23,"column":3}},"6":{"start":{"line":10,"column":20},"end":{"line":10,"column":32}},"7":{"start":{"line":12,"column":24},"end":{"line":17,"column":6}},"8":{"start":{"line":19,"column":4},"end":{"line":19,"column":29}},"9":{"start":{"line":20,"column":4},"end":{"line":20,"column":38}},"10":{"start":{"line":22,"column":4},"end":{"line":22,"column":51}},"11":{"start":{"line":27,"column":24},"end":{"line":37,"column":1}},"12":{"start":{"line":28,"column":18},"end":{"line":28,"column":30}},"13":{"start":{"line":30,"column":2},"end":{"line":36,"column":3}},"14":{"start":{"line":31,"column":22},"end":{"line":31,"column":78}},"15":{"start":{"line":32,"column":4},"end":{"line":32,"column":36}},"16":{"start":{"line":34,"column":4},"end":{"line":34,"column":25}},"17":{"start":{"line":35,"column":4},"end":{"line":35,"column":52}},"18":{"start":{"line":41,"column":24},"end":{"line":60,"column":1}},"19":{"start":{"line":42,"column":17},"end":{"line":42,"column":27}},"20":{"start":{"line":43,"column":2},"end":{"line":45,"column":3}},"21":{"start":{"line":44,"column":4},"end":{"line":44,"column":68}},"22":{"start":{"line":47,"column":2},"end":{"line":59,"column":3}},"23":{"start":{"line":48,"column":20},"end":{"line":48,"column":32}},"24":{"start":{"line":49,"column":21},"end":{"line":51,"column":22}},"25":{"start":{"line":52,"column":4},"end":{"line":54,"column":5}},"26":{"start":{"line":53,"column":6},"end":{"line":53,"column":73}},"27":{"start":{"line":55,"column":4},"end":{"line":55,"column":35}},"28":{"start":{"line":57,"column":4},"end":{"line":57,"column":25}},"29":{"start":{"line":58,"column":4},"end":{"line":58,"column":52}},"30":{"start":{"line":64,"column":23},"end":{"line":80,"column":1}},"31":{"start":{"line":65,"column":17},"end":{"line":65,"column":27}},"32":{"start":{"line":66,"column":2},"end":{"line":79,"column":3}},"33":{"start":{"line":67,"column":20},"end":{"line":67,"column":32}},"34":{"start":{"line":68,"column":21},"end":{"line":71,"column":6}},"35":{"start":{"line":72,"column":4},"end":{"line":74,"column":5}},"36":{"start":{"line":73,"column":6},"end":{"line":73,"column":66}},"37":{"start":{"line":75,"column":4},"end":{"line":75,"column":68}},"38":{"start":{"line":77,"column":4},"end":{"line":77,"column":25}},"39":{"start":{"line":78,"column":4},"end":{"line":78,"column":52}},"40":{"start":{"line":83,"column":23},"end":{"line":100,"column":1}},"41":{"start":{"line":84,"column":13},"end":{"line":84,"column":26}},"42":{"start":{"line":85,"column":2},"end":{"line":99,"column":3}},"43":{"start":{"line":86,"column":20},"end":{"line":86,"column":32}},"44":{"start":{"line":87,"column":21},"end":{"line":91,"column":5}},"45":{"start":{"line":92,"column":4},"end":{"line":94,"column":5}},"46":{"start":{"line":93,"column":6},"end":{"line":93,"column":69}},"47":{"start":{"line":95,"column":4},"end":{"line":95,"column":35}},"48":{"start":{"line":97,"column":4},"end":{"line":97,"column":25}},"49":{"start":{"line":98,"column":4},"end":{"line":98,"column":52}},"50":{"start":{"line":102,"column":0},"end":{"line":108,"column":2}}},"fnMap":{"0":{"name":"(anonymous_0)","decl":{"start":{"line":6,"column":20},"end":{"line":6,"column":21}},"loc":{"start":{"line":6,"column":40},"end":{"line":24,"column":1}},"line":6},"1":{"name":"(anonymous_1)","decl":{"start":{"line":27,"column":24},"end":{"line":27,"column":25}},"loc":{"start":{"line":27,"column":44},"end":{"line":37,"column":1}},"line":27},"2":{"name":"(anonymous_2)","decl":{"start":{"line":41,"column":24},"end":{"line":41,"column":25}},"loc":{"start":{"line":41,"column":44},"end":{"line":60,"column":1}},"line":41},"3":{"name":"(anonymous_3)","decl":{"start":{"line":64,"column":23},"end":{"line":64,"column":24}},"loc":{"start":{"line":64,"column":43},"end":{"line":80,"column":1}},"line":64},"4":{"name":"(anonymous_4)","decl":{"start":{"line":83,"column":23},"end":{"line":83,"column":24}},"loc":{"start":{"line":83,"column":43},"end":{"line":100,"column":1}},"line":83}},"branchMap":{"0":{"loc":{"start":{"line":43,"column":2},"end":{"line":45,"column":3}},"type":"if","locations":[{"start":{"line":43,"column":2},"end":{"line":45,"column":3}},{"start":{},"end":{}}],"line":43},"1":{"loc":{"start":{"line":52,"column":4},"end":{"line":54,"column":5}},"type":"if","locations":[{"start":{"line":52,"column":4},"end":{"line":54,"column":5}},{"start":{},"end":{}}],"line":52},"2":{"loc":{"start":{"line":72,"column":4},"end":{"line":74,"column":5}},"type":"if","locations":[{"start":{"line":72,"column":4},"end":{"line":74,"column":5}},{"start":{},"end":{}}],"line":72},"3":{"loc":{"start":{"line":92,"column":4},"end":{"line":94,"column":5}},"type":"if","locations":[{"start":{"line":92,"column":4},"end":{"line":94,"column":5}},{"start":{},"end":{}}],"line":92}},"s":{"0":2,"1":2,"2":2,"3":2,"4":1,"5":1,"6":1,"7":1,"8":1,"9":1,"10":0,"11":2,"12":1,"13":1,"14":1,"15":1,"16":0,"17":0,"18":2,"19":1,"20":1,"21":0,"22":1,"23":1,"24":1,"25":1,"26":0,"27":1,"28":0,"29":0,"30":2,"31":1,"32":1,"33":1,"34":1,"35":1,"36":0,"37":1,"38":0,"39":0,"40":2,"41":1,"42":1,"43":1,"44":1,"45":1,"46":0,"47":1,"48":0,"49":0,"50":2},"f":{"0":1,"1":1,"2":1,"3":1,"4":1},"b":{"0":[0,1],"1":[0,1],"2":[0,1],"3":[0,1]},"_coverageSchema":"1a1c01bbd47fc00a2c39e90264f33305004495a9","hash":"a64d93bfb2486650566e9efc4d325d4a477ac1c1"}
,"C:\\Users\\aliis\\OneDrive\\Työpöytä\\CodingExam\\backend\\middleware\\customMiddleware.js": {"path":"C:\\Users\\aliis\\OneDrive\\Työpöytä\\CodingExam\\backend\\middleware\\customMiddleware.js","statementMap":{"0":{"start":{"line":1,"column":22},"end":{"line":7,"column":1}},"1":{"start":{"line":2,"column":4},"end":{"line":2,"column":43}},"2":{"start":{"line":3,"column":4},"end":{"line":3,"column":41}},"3":{"start":{"line":4,"column":4},"end":{"line":4,"column":41}},"4":{"start":{"line":5,"column":4},"end":{"line":5,"column":23}},"5":{"start":{"line":6,"column":4},"end":{"line":6,"column":11}},"6":{"start":{"line":9,"column":24},"end":{"line":11,"column":1}},"7":{"start":{"line":10,"column":4},"end":{"line":10,"column":61}},"8":{"start":{"line":13,"column":21},"end":{"line":20,"column":1}},"9":{"start":{"line":14,"column":4},"end":{"line":14,"column":33}},"10":{"start":{"line":16,"column":4},"end":{"line":16,"column":25}},"11":{"start":{"line":17,"column":4},"end":{"line":19,"column":7}},"12":{"start":{"line":22,"column":0},"end":{"line":26,"column":2}}},"fnMap":{"0":{"name":"(anonymous_0)","decl":{"start":{"line":1,"column":22},"end":{"line":1,"column":23}},"loc":{"start":{"line":1,"column":51},"end":{"line":7,"column":1}},"line":1},"1":{"name":"(anonymous_1)","decl":{"start":{"line":9,"column":24},"end":{"line":9,"column":25}},"loc":{"start":{"line":9,"column":47},"end":{"line":11,"column":1}},"line":9},"2":{"name":"(anonymous_2)","decl":{"start":{"line":13,"column":21},"end":{"line":13,"column":22}},"loc":{"start":{"line":13,"column":57},"end":{"line":20,"column":1}},"line":13}},"branchMap":{},"s":{"0":2,"1":11,"2":11,"3":11,"4":11,"5":11,"6":2,"7":0,"8":2,"9":0,"10":0,"11":0,"12":2},"f":{"0":11,"1":0,"2":0},"b":{},"_coverageSchema":"1a1c01bbd47fc00a2c39e90264f33305004495a9","hash":"254462bdeea055f58faf1195276a230afa51e00c"}
,"C:\\Users\\aliis\\OneDrive\\Työpöytä\\CodingExam\\backend\\middleware\\requireAuth.js": {"path":"C:\\Users\\aliis\\OneDrive\\Työpöytä\\CodingExam\\backend\\middleware\\requireAuth.js","statementMap":{"0":{"start":{"line":1,"column":12},"end":{"line":1,"column":35}},"1":{"start":{"line":2,"column":13},"end":{"line":2,"column":43}},"2":{"start":{"line":4,"column":20},"end":{"line":23,"column":1}},"3":{"start":{"line":6,"column":31},"end":{"line":6,"column":42}},"4":{"start":{"line":8,"column":5},"end":{"line":10,"column":6}},"5":{"start":{"line":9,"column":7},"end":{"line":9,"column":78}},"6":{"start":{"line":12,"column":19},"end":{"line":12,"column":46}},"7":{"start":{"line":14,"column":5},"end":{"line":22,"column":6}},"8":{"start":{"line":15,"column":23},"end":{"line":15,"column":60}},"9":{"start":{"line":17,"column":7},"end":{"line":17,"column":60}},"10":{"start":{"line":18,"column":7},"end":{"line":18,"column":14}},"11":{"start":{"line":20,"column":7},"end":{"line":20,"column":26}},"12":{"start":{"line":21,"column":7},"end":{"line":21,"column":68}},"13":{"start":{"line":25,"column":0},"end":{"line":25,"column":29}}},"fnMap":{"0":{"name":"(anonymous_0)","decl":{"start":{"line":4,"column":20},"end":{"line":4,"column":21}},"loc":{"start":{"line":4,"column":46},"end":{"line":23,"column":1}},"line":4}},"branchMap":{"0":{"loc":{"start":{"line":8,"column":5},"end":{"line":10,"column":6}},"type":"if","locations":[{"start":{"line":8,"column":5},"end":{"line":10,"column":6}},{"start":{},"end":{}}],"line":8}},"s":{"0":2,"1":2,"2":2,"3":6,"4":6,"5":0,"6":6,"7":6,"8":6,"9":5,"10":5,"11":1,"12":1,"13":2},"f":{"0":6},"b":{"0":[0,6]},"_coverageSchema":"1a1c01bbd47fc00a2c39e90264f33305004495a9","hash":"5f705558e374be7bf98e9a6114999637aaa65bee"}
,"C:\\Users\\aliis\\OneDrive\\Työpöytä\\CodingExam\\backend\\models\\userModel.js": {"path":"C:\\Users\\aliis\\OneDrive\\Työpöytä\\CodingExam\\backend\\models\\userModel.js","statementMap":{"0":{"start":{"line":1,"column":17},"end":{"line":1,"column":36}},"1":{"start":{"line":2,"column":15},"end":{"line":2,"column":32}},"2":{"start":{"line":3,"column":18},"end":{"line":3,"column":38}},"3":{"start":{"line":5,"column":15},"end":{"line":5,"column":30}},"4":{"start":{"line":7,"column":19},"end":{"line":29,"column":2}},"5":{"start":{"line":32,"column":0},"end":{"line":56,"column":2}},"6":{"start":{"line":34,"column":2},"end":{"line":36,"column":3}},"7":{"start":{"line":35,"column":4},"end":{"line":35,"column":45}},"8":{"start":{"line":37,"column":2},"end":{"line":39,"column":3}},"9":{"start":{"line":38,"column":4},"end":{"line":38,"column":35}},"10":{"start":{"line":40,"column":2},"end":{"line":42,"column":3}},"11":{"start":{"line":41,"column":4},"end":{"line":41,"column":46}},"12":{"start":{"line":44,"column":17},"end":{"line":44,"column":46}},"13":{"start":{"line":46,"column":2},"end":{"line":48,"column":3}},"14":{"start":{"line":47,"column":4},"end":{"line":47,"column":40}},"15":{"start":{"line":50,"column":15},"end":{"line":50,"column":39}},"16":{"start":{"line":51,"column":15},"end":{"line":51,"column":48}},"17":{"start":{"line":53,"column":15},"end":{"line":53,"column":59}},"18":{"start":{"line":55,"column":2},"end":{"line":55,"column":14}},"19":{"start":{"line":59,"column":0},"end":{"line":75,"column":2}},"20":{"start":{"line":60,"column":2},"end":{"line":62,"column":3}},"21":{"start":{"line":61,"column":4},"end":{"line":61,"column":45}},"22":{"start":{"line":64,"column":15},"end":{"line":64,"column":44}},"23":{"start":{"line":65,"column":2},"end":{"line":67,"column":3}},"24":{"start":{"line":66,"column":4},"end":{"line":66,"column":35}},"25":{"start":{"line":69,"column":16},"end":{"line":69,"column":61}},"26":{"start":{"line":70,"column":2},"end":{"line":72,"column":3}},"27":{"start":{"line":71,"column":4},"end":{"line":71,"column":38}},"28":{"start":{"line":74,"column":2},"end":{"line":74,"column":14}},"29":{"start":{"line":77,"column":0},"end":{"line":77,"column":52}}},"fnMap":{"0":{"name":"(anonymous_0)","decl":{"start":{"line":32,"column":30},"end":{"line":32,"column":31}},"loc":{"start":{"line":32,"column":63},"end":{"line":56,"column":1}},"line":32},"1":{"name":"(anonymous_1)","decl":{"start":{"line":59,"column":27},"end":{"line":59,"column":28}},"loc":{"start":{"line":59,"column":60},"end":{"line":75,"column":1}},"line":59}},"branchMap":{"0":{"loc":{"start":{"line":34,"column":2},"end":{"line":36,"column":3}},"type":"if","locations":[{"start":{"line":34,"column":2},"end":{"line":36,"column":3}},{"start":{},"end":{}}],"line":34},"1":{"loc":{"start":{"line":34,"column":6},"end":{"line":34,"column":25}},"type":"binary-expr","locations":[{"start":{"line":34,"column":6},"end":{"line":34,"column":12}},{"start":{"line":34,"column":16},"end":{"line":34,"column":25}}],"line":34},"2":{"loc":{"start":{"line":37,"column":2},"end":{"line":39,"column":3}},"type":"if","locations":[{"start":{"line":37,"column":2},"end":{"line":39,"column":3}},{"start":{},"end":{}}],"line":37},"3":{"loc":{"start":{"line":40,"column":2},"end":{"line":42,"column":3}},"type":"if","locations":[{"start":{"line":40,"column":2},"end":{"line":42,"column":3}},{"start":{},"end":{}}],"line":40},"4":{"loc":{"start":{"line":46,"column":2},"end":{"line":48,"column":3}},"type":"if","locations":[{"start":{"line":46,"column":2},"end":{"line":48,"column":3}},{"start":{},"end":{}}],"line":46},"5":{"loc":{"start":{"line":60,"column":2},"end":{"line":62,"column":3}},"type":"if","locations":[{"start":{"line":60,"column":2},"end":{"line":62,"column":3}},{"start":{},"end":{}}],"line":60},"6":{"loc":{"start":{"line":60,"column":6},"end":{"line":60,"column":25}},"type":"binary-expr","locations":[{"start":{"line":60,"column":6},"end":{"line":60,"column":12}},{"start":{"line":60,"column":16},"end":{"line":60,"column":25}}],"line":60},"7":{"loc":{"start":{"line":65,"column":2},"end":{"line":67,"column":3}},"type":"if","locations":[{"start":{"line":65,"column":2},"end":{"line":67,"column":3}},{"start":{},"end":{}}],"line":65},"8":{"loc":{"start":{"line":70,"column":2},"end":{"line":72,"column":3}},"type":"if","locations":[{"start":{"line":70,"column":2},"end":{"line":72,"column":3}},{"start":{},"end":{}}],"line":70}},"s":{"0":2,"1":2,"2":2,"3":2,"4":2,"5":2,"6":3,"7":0,"8":3,"9":0,"10":3,"11":1,"12":2,"13":2,"14":0,"15":2,"16":2,"17":2,"18":2,"19":2,"20":2,"21":0,"22":2,"23":2,"24":0,"25":2,"26":2,"27":1,"28":1,"29":2},"f":{"0":3,"1":2},"b":{"0":[0,3],"1":[3,3],"2":[0,3],"3":[1,2],"4":[0,2],"5":[0,2],"6":[2,2],"7":[0,2],"8":[1,1]},"_coverageSchema":"1a1c01bbd47fc00a2c39e90264f33305004495a9","hash":"80c20713a1cbd3b3a02d08d239fccf413dbbe446"}
,"C:\\Users\\aliis\\OneDrive\\Työpöytä\\CodingExam\\backend\\models\\waterModel.js": {"path":"C:\\Users\\aliis\\OneDrive\\Työpöytä\\CodingExam\\backend\\models\\waterModel.js","statementMap":{"0":{"start":{"line":1,"column":17},"end":{"line":1,"column":36}},"1":{"start":{"line":3,"column":15},"end":{"line":3,"column":30}},"2":{"start":{"line":5,"column":20},"end":{"line":22,"column":2}},"3":{"start":{"line":24,"column":0},"end":{"line":24,"column":54}}},"fnMap":{},"branchMap":{},"s":{"0":2,"1":2,"2":2,"3":2},"f":{},"b":{},"_coverageSchema":"1a1c01bbd47fc00a2c39e90264f33305004495a9","hash":"5b089a551a42ec71460010afe22097d91fff9e47"}
,"C:\\Users\\aliis\\OneDrive\\Työpöytä\\CodingExam\\backend\\routes\\resourceRoutes.js": {"path":"C:\\Users\\aliis\\OneDrive\\Työpöytä\\CodingExam\\backend\\routes\\resourceRoutes.js","statementMap":{"0":{"start":{"line":1,"column":16},"end":{"line":1,"column":34}},"1":{"start":{"line":2,"column":15},"end":{"line":2,"column":31}},"2":{"start":{"line":3,"column":91},"end":{"line":3,"column":133}},"3":{"start":{"line":5,"column":20},"end":{"line":5,"column":56}},"4":{"start":{"line":7,"column":0},"end":{"line":7,"column":24}},"5":{"start":{"line":9,"column":0},"end":{"line":9,"column":33}},"6":{"start":{"line":11,"column":0},"end":{"line":11,"column":30}},"7":{"start":{"line":13,"column":0},"end":{"line":13,"column":36}},"8":{"start":{"line":15,"column":0},"end":{"line":15,"column":35}},"9":{"start":{"line":17,"column":0},"end":{"line":17,"column":38}},"10":{"start":{"line":19,"column":0},"end":{"line":19,"column":24}}},"fnMap":{},"branchMap":{},"s":{"0":2,"1":2,"2":2,"3":2,"4":2,"5":2,"6":2,"7":2,"8":2,"9":2,"10":2},"f":{},"b":{},"_coverageSchema":"1a1c01bbd47fc00a2c39e90264f33305004495a9","hash":"91d3f2f2b9b4e464313cf9e2734afd7187cb6262"}
,"C:\\Users\\aliis\\OneDrive\\Työpöytä\\CodingExam\\backend\\routes\\userRoutes.js": {"path":"C:\\Users\\aliis\\OneDrive\\Työpöytä\\CodingExam\\backend\\routes\\userRoutes.js","statementMap":{"0":{"start":{"line":1,"column":16},"end":{"line":1,"column":34}},"1":{"start":{"line":2,"column":15},"end":{"line":2,"column":31}},"2":{"start":{"line":3,"column":36},"end":{"line":3,"column":77}},"3":{"start":{"line":6,"column":0},"end":{"line":6,"column":33}},"4":{"start":{"line":9,"column":0},"end":{"line":9,"column":39}},"5":{"start":{"line":11,"column":0},"end":{"line":11,"column":24}}},"fnMap":{},"branchMap":{},"s":{"0":2,"1":2,"2":2,"3":2,"4":2,"5":2},"f":{},"b":{},"_coverageSchema":"1a1c01bbd47fc00a2c39e90264f33305004495a9","hash":"e07aeaee320b3f33447f3ec7ef518b1076ff7651"}
}
