TN:
SF:app.js
FN:21,(anonymous_0)
FNF:1
FNH:0
FNDA:0,(anonymous_0)
DA:1,2
DA:2,2
DA:3,2
DA:4,2
DA:5,2
DA:6,2
DA:7,2
DA:8,2
DA:11,2
DA:13,2
DA:16,2
DA:17,2
DA:19,2
DA:21,2
DA:23,2
DA:24,2
DA:26,2
DA:27,2
DA:29,2
LF:19
LH:19
BRF:0
BRH:0
end_of_record
TN:
SF:config\db.js
FN:3,(anonymous_0)
FNF:1
FNH:1
FNDA:2,(anonymous_0)
DA:1,2
DA:3,2
DA:4,2
DA:5,2
DA:6,2
DA:8,0
DA:9,0
DA:13,2
LF:8
LH:6
BRF:0
BRH:0
end_of_record
TN:
SF:controllers\userControllers.js
FN:5,(anonymous_0)
FN:10,(anonymous_1)
FN:26,(anonymous_2)
FNF:3
FNH:3
FNDA:3,(anonymous_0)
FNDA:3,(anonymous_1)
FNDA:2,(anonymous_2)
DA:1,2
DA:2,2
DA:3,2
DA:5,2
DA:6,3
DA:10,2
DA:11,3
DA:13,3
DA:14,3
DA:17,2
DA:19,2
DA:21,1
DA:26,2
DA:27,2
DA:29,2
DA:30,2
DA:33,1
DA:35,1
DA:37,1
DA:41,2
LF:20
LH:20
BRF:0
BRH:0
end_of_record
TN:
SF:controllers\waterControllers.js
FN:6,(anonymous_0)
FN:27,(anonymous_1)
FN:41,(anonymous_2)
FN:64,(anonymous_3)
FN:83,(anonymous_4)
FNF:5
FNH:5
FNDA:1,(anonymous_0)
FNDA:1,(anonymous_1)
FNDA:1,(anonymous_2)
FNDA:1,(anonymous_3)
FNDA:1,(anonymous_4)
DA:1,2
DA:2,2
DA:3,2
DA:6,2
DA:7,1
DA:9,1
DA:10,1
DA:12,1
DA:19,1
DA:20,1
DA:22,0
DA:27,2
DA:28,1
DA:30,1
DA:31,1
DA:32,1
DA:34,0
DA:35,0
DA:41,2
DA:42,1
DA:43,1
DA:44,0
DA:47,1
DA:48,1
DA:49,1
DA:52,1
DA:53,0
DA:55,1
DA:57,0
DA:58,0
DA:64,2
DA:65,1
DA:66,1
DA:67,1
DA:68,1
DA:72,1
DA:73,0
DA:75,1
DA:77,0
DA:78,0
DA:83,2
DA:84,1
DA:85,1
DA:86,1
DA:87,1
DA:92,1
DA:93,0
DA:95,1
DA:97,0
DA:98,0
DA:102,2
LF:51
LH:38
BRDA:43,0,0,0
BRDA:43,0,1,1
BRDA:52,1,0,0
BRDA:52,1,1,1
BRDA:72,2,0,0
BRDA:72,2,1,1
BRDA:92,3,0,0
BRDA:92,3,1,1
BRF:8
BRH:4
end_of_record
TN:
SF:middleware\customMiddleware.js
FN:1,(anonymous_0)
FN:9,(anonymous_1)
FN:13,(anonymous_2)
FNF:3
FNH:1
FNDA:11,(anonymous_0)
FNDA:0,(anonymous_1)
FNDA:0,(anonymous_2)
DA:1,2
DA:2,11
DA:3,11
DA:4,11
DA:5,11
DA:6,11
DA:9,2
DA:10,0
DA:13,2
DA:14,0
DA:16,0
DA:17,0
DA:22,2
LF:13
LH:9
BRF:0
BRH:0
end_of_record
TN:
SF:middleware\requireAuth.js
FN:4,(anonymous_0)
FNF:1
FNH:1
FNDA:6,(anonymous_0)
DA:1,2
DA:2,2
DA:4,2
DA:6,6
DA:8,6
DA:9,0
DA:12,6
DA:14,6
DA:15,6
DA:17,5
DA:18,5
DA:20,1
DA:21,1
DA:25,2
LF:14
LH:13
BRDA:8,0,0,0
BRDA:8,0,1,6
BRF:2
BRH:1
end_of_record
TN:
SF:models\userModel.js
FN:32,(anonymous_0)
FN:59,(anonymous_1)
FNF:2
FNH:2
FNDA:3,(anonymous_0)
FNDA:2,(anonymous_1)
DA:1,2
DA:2,2
DA:3,2
DA:5,2
DA:7,2
DA:32,2
DA:34,3
DA:35,0
DA:37,3
DA:38,0
DA:40,3
DA:41,1
DA:44,2
DA:46,2
DA:47,0
DA:50,2
DA:51,2
DA:53,2
DA:55,2
DA:59,2
DA:60,2
DA:61,0
DA:64,2
DA:65,2
DA:66,0
DA:69,2
DA:70,2
DA:71,1
DA:74,1
DA:77,2
LF:30
LH:25
BRDA:34,0,0,0
BRDA:34,0,1,3
BRDA:34,1,0,3
BRDA:34,1,1,3
BRDA:37,2,0,0
BRDA:37,2,1,3
BRDA:40,3,0,1
BRDA:40,3,1,2
BRDA:46,4,0,0
BRDA:46,4,1,2
BRDA:60,5,0,0
BRDA:60,5,1,2
BRDA:60,6,0,2
BRDA:60,6,1,2
BRDA:65,7,0,0
BRDA:65,7,1,2
BRDA:70,8,0,1
BRDA:70,8,1,1
BRF:18
BRH:13
end_of_record
TN:
SF:models\waterModel.js
FNF:0
FNH:0
DA:1,2
DA:3,2
DA:5,2
DA:24,2
LF:4
LH:4
BRF:0
BRH:0
end_of_record
TN:
SF:routes\resourceRoutes.js
FNF:0
FNH:0
DA:1,2
DA:2,2
DA:3,2
DA:5,2
DA:7,2
DA:9,2
DA:11,2
DA:13,2
DA:15,2
DA:17,2
DA:19,2
LF:11
LH:11
BRF:0
BRH:0
end_of_record
TN:
SF:routes\userRoutes.js
FNF:0
FNH:0
DA:1,2
DA:2,2
DA:3,2
DA:6,2
DA:9,2
DA:11,2
LF:6
LH:6
BRF:0
BRH:0
end_of_record
